0 info it worked if it ends with ok
1 verbose cli [ '/Users/sunpenghong/.nvm/versions/node/v6.9.5/bin/node',
1 verbose cli   '/Users/sunpenghong/.nvm/versions/node/v6.9.5/bin/npm',
1 verbose cli   'publish' ]
2 info using npm@3.10.10
3 info using node@v6.9.5
4 verbose publish [ '.' ]
5 silly cache add args [ '.', null ]
6 verbose cache add spec .
7 silly cache add parsed spec Result {
7 silly cache add   raw: '.',
7 silly cache add   scope: null,
7 silly cache add   escapedName: null,
7 silly cache add   name: null,
7 silly cache add   rawSpec: '.',
7 silly cache add   spec: '/Users/sunpenghong/Sun/nodejs/testnpm',
7 silly cache add   type: 'directory' }
8 verbose addLocalDirectory /Users/sunpenghong/.npm/sunexpress/1.0.0/package.tgz not in flight; packing
9 verbose correctMkdir /Users/sunpenghong/.npm correctMkdir not in flight; initializing
10 info lifecycle sunexpress@1.0.0~prepublish: sunexpress@1.0.0
11 silly lifecycle sunexpress@1.0.0~prepublish: no script for prepublish, continuing
12 verbose tar pack [ '/Users/sunpenghong/.npm/sunexpress/1.0.0/package.tgz',
12 verbose tar pack   '/Users/sunpenghong/Sun/nodejs/testnpm' ]
13 verbose tarball /Users/sunpenghong/.npm/sunexpress/1.0.0/package.tgz
14 verbose folder /Users/sunpenghong/Sun/nodejs/testnpm
15 verbose addLocalTarball adding from inside cache /Users/sunpenghong/.npm/sunexpress/1.0.0/package.tgz
16 verbose correctMkdir /Users/sunpenghong/.npm correctMkdir not in flight; initializing
17 silly cache afterAdd sunexpress@1.0.0
18 verbose afterAdd /Users/sunpenghong/.npm/sunexpress/1.0.0/package/package.json not in flight; writing
19 verbose correctMkdir /Users/sunpenghong/.npm correctMkdir not in flight; initializing
20 verbose afterAdd /Users/sunpenghong/.npm/sunexpress/1.0.0/package/package.json written
21 silly publish { name: 'sunexpress',
21 silly publish   version: '1.0.0',
21 silly publish   description: 'express',
21 silly publish   main: 'app.js',
21 silly publish   dependencies:
21 silly publish    { 'babel-plugin-component': '^0.10.1',
21 silly publish      express: '^4.16.2',
21 silly publish      lodash: '^4.17.4' },
21 silly publish   devDependencies: { 'babel-plugin-component': '^0.10.1' },
21 silly publish   scripts: { test: 'echo "Error: no test specified" && exit 1' },
21 silly publish   keywords: [ 'sun', 'express' ],
21 silly publish   author: { name: 'sylvia' },
21 silly publish   license: 'ISC',
21 silly publish   readme: '# testnpm\n',
21 silly publish   readmeFilename: 'README.md',
21 silly publish   gitHead: '039e3f7504dadaf556edf8204d922f1e85e3d137',
21 silly publish   _id: 'sunexpress@1.0.0',
21 silly publish   _shasum: 'efbf6c330e9ab07b0c8fd12b059a41a2911bfc5d',
21 silly publish   _from: '.' }
22 verbose getPublishConfig undefined
23 silly mapToRegistry name sunexpress
24 silly mapToRegistry using default registry
25 silly mapToRegistry registry https://registry.npmjs.org/
26 silly mapToRegistry data Result {
26 silly mapToRegistry   raw: 'sunexpress',
26 silly mapToRegistry   scope: null,
26 silly mapToRegistry   escapedName: 'sunexpress',
26 silly mapToRegistry   name: 'sunexpress',
26 silly mapToRegistry   rawSpec: '',
26 silly mapToRegistry   spec: 'latest',
26 silly mapToRegistry   type: 'tag' }
27 silly mapToRegistry uri https://registry.npmjs.org/sunexpress
28 verbose publish registryBase https://registry.npmjs.org/
29 silly publish uploading /Users/sunpenghong/.npm/sunexpress/1.0.0/package.tgz
30 verbose request uri https://registry.npmjs.org/sunexpress
31 verbose request sending authorization for write operation
32 info attempt registry request try #1 at 17:59:23
33 verbose request using bearer token for auth
34 verbose request id 3a12d41f12a83bfc
35 http request PUT https://registry.npmjs.org/sunexpress
36 http 403 https://registry.npmjs.org/sunexpress
37 verbose headers { 'content-type': 'application/json',
37 verbose headers   'cache-control': 'max-age=300',
37 verbose headers   'content-length': '104',
37 verbose headers   'accept-ranges': 'bytes',
37 verbose headers   date: 'Thu, 02 Nov 2017 09:59:24 GMT',
37 verbose headers   via: '1.1 varnish',
37 verbose headers   connection: 'keep-alive',
37 verbose headers   'x-served-by': 'cache-hkg17930-HKG',
37 verbose headers   'x-cache': 'MISS',
37 verbose headers   'x-cache-hits': '0',
37 verbose headers   'x-timer': 'S1509616764.099571,VS0,VE364',
37 verbose headers   vary: 'Accept-Encoding, Accept' }
38 verbose request invalidating /Users/sunpenghong/.npm/registry.npmjs.org/sunexpress on PUT
39 error publish Failed PUT 403
40 verbose stack Error: you must verify your email before publishing a new package: https://www.npmjs.com/email-edit : sunexpress
40 verbose stack     at makeError (/Users/sunpenghong/.nvm/versions/node/v6.9.5/lib/node_modules/npm/node_modules/npm-registry-client/lib/request.js:302:12)
40 verbose stack     at CachingRegistryClient.<anonymous> (/Users/sunpenghong/.nvm/versions/node/v6.9.5/lib/node_modules/npm/node_modules/npm-registry-client/lib/request.js:290:14)
40 verbose stack     at Request._callback (/Users/sunpenghong/.nvm/versions/node/v6.9.5/lib/node_modules/npm/node_modules/npm-registry-client/lib/request.js:210:14)
40 verbose stack     at Request.self.callback (/Users/sunpenghong/.nvm/versions/node/v6.9.5/lib/node_modules/npm/node_modules/request/request.js:187:22)
40 verbose stack     at emitTwo (events.js:106:13)
40 verbose stack     at Request.emit (events.js:191:7)
40 verbose stack     at Request.<anonymous> (/Users/sunpenghong/.nvm/versions/node/v6.9.5/lib/node_modules/npm/node_modules/request/request.js:1048:10)
40 verbose stack     at emitOne (events.js:96:13)
40 verbose stack     at Request.emit (events.js:188:7)
40 verbose stack     at IncomingMessage.<anonymous> (/Users/sunpenghong/.nvm/versions/node/v6.9.5/lib/node_modules/npm/node_modules/request/request.js:969:12)
41 verbose statusCode 403
42 verbose pkgid sunexpress
43 verbose cwd /Users/sunpenghong/Sun/nodejs/testnpm
44 error Darwin 16.6.0
45 error argv "/Users/sunpenghong/.nvm/versions/node/v6.9.5/bin/node" "/Users/sunpenghong/.nvm/versions/node/v6.9.5/bin/npm" "publish"
46 error node v6.9.5
47 error npm  v3.10.10
48 error code E403
49 error you must verify your email before publishing a new package: https://www.npmjs.com/email-edit : sunexpress
50 error If you need help, you may report this error at:
50 error     <https://github.com/npm/npm/issues>
51 verbose exit [ 1, true ]
